<?xml version="1.0" encoding="UTF-8"?>
<!-- Generated by org.testng.reporters.JUnitReportReporter -->
<testsuite hostname="DESKTOP-URFV0HQ" failures="0" tests="1" name="com.practicetestautomation.RelativeXpathTests" time="15.194" errors="0" timestamp="08 Oct 2020 22:33:43 GMT" skipped="0">
  <testcase classname="com.practicetestautomation.RelativeXpathTests" name="relativeXpathTest" time="15.194"/>
</testsuite> <!-- com.practicetestautomation.RelativeXpathTests -->
