<?xml version="1.0" encoding="UTF-8"?>
<!-- Generated by org.testng.reporters.JUnitReportReporter -->
<testsuite hostname="DESKTOP-URFV0HQ" failures="0" tests="1" name="com.practicetestautomation.RelativeXpathTests" time="15.489" errors="0" timestamp="13 Oct 2020 00:36:38 GMT">
  <testcase classname="com.practicetestautomation.RelativeXpathTests" name="relativeXpathTest" time="15.489"/>
</testsuite> <!-- com.practicetestautomation.RelativeXpathTests -->
